<?xml version="1.0" encoding="UTF-8"?>
<!-- Generated by org.testng.reporters.JUnitReportReporter -->
<testsuite hostname="DESKTOP-2SFN4SQ" failures="0" tests="1" name="com.qa.tests.GetCallBDD" time="3.724" errors="0" timestamp="2023-08-06T22:47:33 IST" skipped="0">
  <testcase classname="com.qa.tests.GetCallBDD" name="getCallBdd" time="3.724"/>
</testsuite> <!-- com.qa.tests.GetCallBDD -->
