<?xml version="1.0" encoding="UTF-8"?>
<!-- Generated by org.testng.reporters.JUnitReportReporter -->
<testsuite hostname="Shiva" failures="0" tests="1" name="api.test.UserTestUsingExcel" time="0.031" errors="0" timestamp="2025-07-27T19:09:43 IST" skipped="0">
  <testcase classname="api.test.UserTestUsingExcel" name="createUser" time="0.031"/>
</testsuite> <!-- api.test.UserTestUsingExcel -->
