<?xml version="1.0" encoding="UTF-8"?>
<!-- Generated by org.testng.reporters.JUnitReportReporter -->
<testsuite hostname="DESKTOP-2SFN4SQ" failures="0" tests="1" name="com.qa.tests.PostAPITest" time="1.371" errors="0" timestamp="2023-07-14T11:26:27 IST" skipped="0">
  <testcase classname="com.qa.tests.PostAPITest" name="postApiTest" time="1.371"/>
</testsuite> <!-- com.qa.tests.PostAPITest -->
