<?xml version="1.0" encoding="UTF-8"?>
<!-- Generated by org.testng.reporters.JUnitReportReporter -->
<testsuite hostname="DESKTOP-2SFN4SQ" failures="0" tests="2" name="com.qa.tests.GetAPITest" time="1.115" errors="0" timestamp="2023-07-09T20:54:48 IST" skipped="0">
  <testcase classname="com.qa.tests.GetAPITest" name="getAPITestWithoutHeaders" time="1.035"/>
  <testcase classname="com.qa.tests.GetAPITest" name="getAPITestWithHeaders" time="0.080"/>
</testsuite> <!-- com.qa.tests.GetAPITest -->
