<?xml version="1.0" encoding="UTF-8"?>
<!-- Generated by org.testng.reporters.JUnitReportReporter -->
<testsuite hostname="DESKTOP-2SFN4SQ" failures="0" tests="1" name="com.qa.tests.GetAPITest" time="0.687" errors="0" timestamp="2023-06-26T23:23:34 IST" skipped="0">
  <testcase classname="com.qa.tests.GetAPITest" name="getAPITest" time="0.687"/>
</testsuite> <!-- com.qa.tests.GetAPITest -->
