<?xml version="1.0" encoding="UTF-8"?>
<!-- Generated by org.testng.reporters.JUnitReportReporter -->
<testsuite hostname="DESKTOP-2SFN4SQ" failures="0" tests="1" name="com.qa.tests.PostAPITest" time="4.634" errors="0" timestamp="2023-08-06T22:38:22 IST" skipped="0">
  <testcase classname="com.qa.tests.PostAPITest" name="postApiTest" time="4.634"/>
</testsuite> <!-- com.qa.tests.PostAPITest -->
